2019-03-18 14:22:10,576 [revolut.example.com.Application.main()] [ERROR] [H2DAOFactory] populateTestData(): Error populating user data: 
org.h2.jdbc.JdbcSQLException: Unique index or primary key violation: "IDX_ACC ON PUBLIC.ACCOUNT(USERNAME, CURRENCYCODE) VALUES ('denis', 'GBP', 7)"; SQL statement:

INSERT INTO Account (UserName,Balance,CurrencyCode) VALUES ('denis',100.0000,'GBP') [23505-192]
	at org.h2.message.DbException.getJdbcSQLException(DbException.java:345)
	at org.h2.message.DbException.get(DbException.java:179)
	at org.h2.message.DbException.get(DbException.java:155)
	at org.h2.index.BaseIndex.getDuplicateKeyException(BaseIndex.java:103)
	at org.h2.mvstore.db.MVSecondaryIndex.checkUnique(MVSecondaryIndex.java:231)
	at org.h2.mvstore.db.MVSecondaryIndex.add(MVSecondaryIndex.java:190)
	at org.h2.mvstore.db.MVTable.addRow(MVTable.java:704)
	at org.h2.command.dml.Insert.insertRows(Insert.java:156)
	at org.h2.command.dml.Insert.update(Insert.java:114)
	at org.h2.command.CommandContainer.update(CommandContainer.java:98)
	at org.h2.command.Command.executeUpdate(Command.java:258)
	at org.h2.jdbc.JdbcStatement.executeInternal(JdbcStatement.java:184)
	at org.h2.jdbc.JdbcStatement.execute(JdbcStatement.java:158)
	at org.h2.tools.RunScript.execute(RunScript.java:170)
	at revolut.example.dao.H2DAOFactory.populateTestData(H2DAOFactory.java:54)
	at revolut.example.com.Application.main(Application.java:22)
	at sun.reflect.NativeMethodAccessorImpl.invoke0(Native Method)
	at sun.reflect.NativeMethodAccessorImpl.invoke(NativeMethodAccessorImpl.java:62)
	at sun.reflect.DelegatingMethodAccessorImpl.invoke(DelegatingMethodAccessorImpl.java:43)
	at java.lang.reflect.Method.invoke(Method.java:498)
	at org.codehaus.mojo.exec.ExecJavaMojo$1.run(ExecJavaMojo.java:294)
	at java.lang.Thread.run(Thread.java:748)
